[0.006s] Invoking command in '/home/junayed/Documents/wall-e_ws/build/wall-e_description': CMAKE_PREFIX_PATH=/opt/ros/humble /usr/bin/cmake /home/junayed/Documents/wall-e_ws/src/wall-e -DAMENT_CMAKE_SYMLINK_INSTALL=1 -DCMAKE_INSTALL_PREFIX=/home/junayed/Documents/wall-e_ws/install/wall-e_description
[0.063s] -- The C compiler identification is GNU 11.4.0
[0.111s] -- The CXX compiler identification is GNU 11.4.0
[0.116s] -- Detecting C compiler ABI info
[0.157s] -- Detecting C compiler ABI info - done
[0.161s] -- Check for working C compiler: /usr/bin/cc - skipped
[0.161s] -- Detecting C compile features
[0.162s] -- Detecting C compile features - done
[0.164s] -- Detecting CXX compiler ABI info
[0.213s] -- Detecting CXX compiler ABI info - done
[0.216s] -- Check for working CXX compiler: /usr/bin/c++ - skipped
[0.217s] -- Detecting CXX compile features
[0.217s] -- Detecting CXX compile features - done
[0.219s] -- Found ament_cmake: 1.3.11 (/opt/ros/humble/share/ament_cmake/cmake)
[0.297s] -- Found Python3: /usr/bin/python3 (found version "3.10.12") found components: Interpreter 
[0.329s] -- Override CMake install command with custom implementation using symlinks instead of copying resources
[0.342s] -- Found xacro: 2.0.13 (/opt/ros/humble/share/xacro/cmake)
[0.343s] -- Found ament_lint_auto: 0.12.12 (/opt/ros/humble/share/ament_lint_auto/cmake)
[0.374s] [31mCMake Error at /opt/ros/humble/share/ament_cmake_core/cmake/core/ament_package_xml.cmake:53 (message):
[0.374s]   ament_package_xml() package name 'wall-e_description' in '/package.xml'
[0.374s]   does not match current PROJECT_NAME 'wall-e'.  You must call project() with
[0.374s]   the same package name before.
[0.374s] Call Stack (most recent call first):
[0.374s]   /opt/ros/humble/share/ament_lint_auto/cmake/ament_lint_auto_find_test_dependencies.cmake:31 (ament_package_xml)
[0.374s]   CMakeLists.txt:16 (ament_lint_auto_find_test_dependencies)
[0.374s] 
[0.374s] [0m
[0.374s] -- Configuring incomplete, errors occurred!
[0.374s] See also "/home/junayed/Documents/wall-e_ws/build/wall-e_description/CMakeFiles/CMakeOutput.log".
[0.377s] Invoked command in '/home/junayed/Documents/wall-e_ws/build/wall-e_description' returned '1': CMAKE_PREFIX_PATH=/opt/ros/humble /usr/bin/cmake /home/junayed/Documents/wall-e_ws/src/wall-e -DAMENT_CMAKE_SYMLINK_INSTALL=1 -DCMAKE_INSTALL_PREFIX=/home/junayed/Documents/wall-e_ws/install/wall-e_description
