[0.006s] Invoking command in '/home/junayed/Documents/wall-e_ws/build/wall-e': CMAKE_PREFIX_PATH=/opt/ros/humble /usr/bin/cmake /home/junayed/Documents/wall-e_ws/src/wall-e -DAMENT_CMAKE_SYMLINK_INSTALL=1 -DCMAKE_INSTALL_PREFIX=/home/junayed/Documents/wall-e_ws/install/wall-e
[0.041s] -- The C compiler identification is GNU 11.4.0
[0.075s] -- The CXX compiler identification is GNU 11.4.0
[0.079s] -- Detecting C compiler ABI info
[0.124s] -- Detecting C compiler ABI info - done
[0.128s] -- Check for working C compiler: /usr/bin/cc - skipped
[0.128s] -- Detecting C compile features
[0.128s] -- Detecting C compile features - done
[0.130s] -- Detecting CXX compiler ABI info
[0.181s] -- Detecting CXX compiler ABI info - done
[0.185s] -- Check for working CXX compiler: /usr/bin/c++ - skipped
[0.185s] -- Detecting CXX compile features
[0.185s] -- Detecting CXX compile features - done
[0.187s] -- Found ament_cmake: 1.3.11 (/opt/ros/humble/share/ament_cmake/cmake)
[0.273s] -- Found Python3: /usr/bin/python3 (found version "3.10.12") found components: Interpreter 
[0.308s] -- Override CMake install command with custom implementation using symlinks instead of copying resources
[0.323s] -- Found xacro: 2.0.13 (/opt/ros/humble/share/xacro/cmake)
[0.324s] -- Found ament_lint_auto: 0.12.12 (/opt/ros/humble/share/ament_lint_auto/cmake)
[0.368s] -- Added test 'flake8' to check Python code syntax and style conventions
[0.369s] -- Added test 'lint_cmake' to check CMake code style
[0.369s] -- Added test 'pep257' to check Python code against some of the docstring style conventions in PEP 257
[0.371s] -- Added test 'xmllint' to check XML markup files
[0.372s] -- Configuring done
[0.374s] -- Generating done
[0.375s] -- Build files have been written to: /home/junayed/Documents/wall-e_ws/build/wall-e
[0.378s] Invoked command in '/home/junayed/Documents/wall-e_ws/build/wall-e' returned '0': CMAKE_PREFIX_PATH=/opt/ros/humble /usr/bin/cmake /home/junayed/Documents/wall-e_ws/src/wall-e -DAMENT_CMAKE_SYMLINK_INSTALL=1 -DCMAKE_INSTALL_PREFIX=/home/junayed/Documents/wall-e_ws/install/wall-e
[0.380s] Invoking command in '/home/junayed/Documents/wall-e_ws/build/wall-e': CMAKE_PREFIX_PATH=/opt/ros/humble /usr/bin/cmake --build /home/junayed/Documents/wall-e_ws/build/wall-e -- -j12 -l12
[0.403s] Invoked command in '/home/junayed/Documents/wall-e_ws/build/wall-e' returned '0': CMAKE_PREFIX_PATH=/opt/ros/humble /usr/bin/cmake --build /home/junayed/Documents/wall-e_ws/build/wall-e -- -j12 -l12
[0.411s] Invoking command in '/home/junayed/Documents/wall-e_ws/build/wall-e': CMAKE_PREFIX_PATH=/opt/ros/humble /usr/bin/cmake --install /home/junayed/Documents/wall-e_ws/build/wall-e
[0.415s] -- Install configuration: ""
[0.415s] -- Execute custom install script
[0.416s] -- Symlinking: /home/junayed/Documents/wall-e_ws/install/wall-e/share/wall-e//launch/gazebo.launch.py
[0.421s] -- Symlinking: /home/junayed/Documents/wall-e_ws/install/wall-e/share/wall-e//launch/rviz.launch.py
[0.426s] -- Symlinking: /home/junayed/Documents/wall-e_ws/install/wall-e/share/wall-e//urdf/robot.urdf
[0.432s] -- Symlinking: /home/junayed/Documents/wall-e_ws/install/wall-e/share/wall-e//urdf/robot.urdf.xacro
[0.437s] -- Symlinking: /home/junayed/Documents/wall-e_ws/install/wall-e/share/wall-e//urdf/robot_with_control.urdf
[0.442s] -- Symlinking: /home/junayed/Documents/wall-e_ws/install/wall-e/share/wall-e//urdf/rrbot.urdf.xacro
[0.447s] -- Symlinking: /home/junayed/Documents/wall-e_ws/install/wall-e/share/wall-e//rviz/display_config.rviz
[0.455s] -- Symlinking: /home/junayed/Documents/wall-e_ws/install/wall-e/share/wall-e//meshes/base_link.STL
[0.463s] -- Symlinking: /home/junayed/Documents/wall-e_ws/install/wall-e/share/wall-e//meshes/lb_link.STL
[0.471s] -- Symlinking: /home/junayed/Documents/wall-e_ws/install/wall-e/share/wall-e//meshes/lf_link.STL
[0.477s] -- Symlinking: /home/junayed/Documents/wall-e_ws/install/wall-e/share/wall-e//meshes/rb_link.STL
[0.484s] -- Symlinking: /home/junayed/Documents/wall-e_ws/install/wall-e/share/wall-e//meshes/rf_link.STL
[0.489s] -- Symlinking: /home/junayed/Documents/wall-e_ws/install/wall-e/share/wall-e//worlds/diff_drive.sdf
[0.494s] -- Symlinking: /home/junayed/Documents/wall-e_ws/install/wall-e/share/wall-e//worlds/empty.sdf
[0.499s] -- Symlinking: /home/junayed/Documents/wall-e_ws/install/wall-e/share/wall-e//config/ros_gz_bridge_config.yaml
[0.504s] -- Symlinking: /home/junayed/Documents/wall-e_ws/install/wall-e/share/ament_index/resource_index/package_run_dependencies/wall-e
[0.510s] -- Symlinking: /home/junayed/Documents/wall-e_ws/install/wall-e/share/ament_index/resource_index/parent_prefix_path/wall-e
[0.516s] -- Symlinking: /home/junayed/Documents/wall-e_ws/install/wall-e/share/wall-e/environment/ament_prefix_path.sh
[0.521s] -- Symlinking: /home/junayed/Documents/wall-e_ws/install/wall-e/share/wall-e/environment/ament_prefix_path.dsv
[0.526s] -- Symlinking: /home/junayed/Documents/wall-e_ws/install/wall-e/share/wall-e/environment/path.sh
[0.531s] -- Symlinking: /home/junayed/Documents/wall-e_ws/install/wall-e/share/wall-e/environment/path.dsv
[0.536s] -- Symlinking: /home/junayed/Documents/wall-e_ws/install/wall-e/share/wall-e/local_setup.bash
[0.541s] -- Symlinking: /home/junayed/Documents/wall-e_ws/install/wall-e/share/wall-e/local_setup.sh
[0.546s] -- Symlinking: /home/junayed/Documents/wall-e_ws/install/wall-e/share/wall-e/local_setup.zsh
[0.551s] -- Symlinking: /home/junayed/Documents/wall-e_ws/install/wall-e/share/wall-e/local_setup.dsv
[0.556s] -- Symlinking: /home/junayed/Documents/wall-e_ws/install/wall-e/share/wall-e/package.dsv
[0.561s] -- Symlinking: /home/junayed/Documents/wall-e_ws/install/wall-e/share/ament_index/resource_index/packages/wall-e
[0.565s] -- Symlinking: /home/junayed/Documents/wall-e_ws/install/wall-e/share/wall-e/cmake/wall-eConfig.cmake
[0.570s] -- Symlinking: /home/junayed/Documents/wall-e_ws/install/wall-e/share/wall-e/cmake/wall-eConfig-version.cmake
[0.574s] -- Symlinking: /home/junayed/Documents/wall-e_ws/install/wall-e/share/wall-e/package.xml
[0.581s] Invoked command in '/home/junayed/Documents/wall-e_ws/build/wall-e' returned '0': CMAKE_PREFIX_PATH=/opt/ros/humble /usr/bin/cmake --install /home/junayed/Documents/wall-e_ws/build/wall-e
